[2026-04-23T22:47:01Z] === ENRICH ITERATION 2 START | repo=pygments/pygments sha=d7d11f6e ===
[2026-04-23T22:47:01Z] [iter=2] PHASE START: enrich repo=pygments/pygments sha=d7d11f6e runlog=/home/runner/work/forx/forx/storage/aggregate/lsp/logs/d7d11f6e-enrich-iter-002.log output=/home/runner/work/forx/forx/storage/aggregate/lsp/d7d11f6e6d3aa97805215c1cc833ea5f0ef1fcbb.nq.gz
[2026-04-23T22:47:03Z] [iter=2] Step 1: Loading AST into disk-backed store mem_mb=78 MB
[2026-04-23T22:48:13Z] [iter=2] AST store loaded triples=7200826 load_secs=67 mem_mb=1004 MB
[2026-04-23T22:48:13Z] [iter=2] Step 2: Finding LSP targets mem_mb=1004 MB
[2026-04-23T22:48:30Z] [iter=2] LSP targets found call_sites=15525 imports=1271 extends=791 implements=2 secs=17
[2026-04-23T22:48:32Z] [iter=2] Loaded checkpoint partial graph triples=35085
[2026-04-23T22:48:49Z] [iter=2] Step 2.7: Building position index (one-shot, shared across resolvers) mem_mb=1004 MB
[2026-04-23T22:49:40Z] [iter=2] Position index built positions=560147 nodes_with_types=736282 secs=51 mem_mb=1544 MB
[2026-04-23T22:49:40Z] [iter=2] Step 3: Starting LSP resolution mem_mb=1544 MB already_completed_types=[] already_completed_files=67
[2026-04-23T22:49:40Z] [iter=2] Resolving target type target_type=call_site count=15525
[2026-04-23T22:49:41Z] [iter=2] HEARTBEAT target_type=call_site elapsed_min=2.7 files_done=0 resolved=0 errors=0 current=pygments/lexers/modula2.py
[2026-04-23T22:51:43Z] [iter=2] HEARTBEAT target_type=call_site elapsed_min=4.7 files_done=1 resolved=25 errors=42 current=pygments/lexers/floscript.py
[2026-04-23T22:52:29Z] [iter=2] HEARTBEAT target_type=call_site elapsed_min=5.5 files_done=3 resolved=30 errors=58 current=tests/conftest.py
[2026-04-23T22:54:01Z] [iter=2] HEARTBEAT target_type=call_site elapsed_min=7.0 files_done=4 resolved=51 errors=90 current=pygments/sphinxext.py
[2026-04-23T22:56:23Z] [iter=2] HEARTBEAT target_type=call_site elapsed_min=9.4 files_done=5 resolved=75 errors=138 current=pygments/lexers/fantom.py
[2026-04-23T22:59:24Z] [iter=2] HEARTBEAT target_type=call_site elapsed_min=12.4 files_done=6 resolved=78 errors=201 current=pygments/lexers/_lua_builtins.py
[2026-04-23T23:00:59Z] [iter=2] HEARTBEAT target_type=call_site elapsed_min=14.0 files_done=7 resolved=95 errors=234 current=tests/test_latex_formatter.py
[2026-04-23T23:01:35Z] [iter=2] HEARTBEAT target_type=call_site elapsed_min=14.6 files_done=8 resolved=115 errors=246 current=pygments/lexers/praat.py
[2026-04-23T23:03:47Z] [iter=2] HEARTBEAT target_type=call_site elapsed_min=16.8 files_done=9 resolved=115 errors=292 current=tests/test_rtf_formatter.py
[2026-04-23T23:08:35Z] [iter=2] HEARTBEAT target_type=call_site elapsed_min=21.6 files_done=10 resolved=144 errors=392 current=pygments/lexers/thingsdb.py
[2026-04-23T23:11:36Z] [iter=2] HEARTBEAT target_type=call_site elapsed_min=24.6 files_done=12 resolved=148 errors=455 current=pygments/lexers/kuin.py
[2026-04-23T23:16:55Z] [iter=2] HEARTBEAT target_type=call_site elapsed_min=29.9 files_done=13 resolved=148 errors=566 current=pygments/lexers/bibtex.py
[2026-04-23T23:18:13Z] [iter=2] HEARTBEAT target_type=call_site elapsed_min=31.2 files_done=14 resolved=148 errors=593 current=pygments/lexers/apdlexer.py
[2026-04-23T23:20:25Z] [iter=2] HEARTBEAT target_type=call_site elapsed_min=33.4 files_done=16 resolved=148 errors=639 current=pygments/lexers/gsql.py
[2026-04-23T23:21:05Z] [iter=2] HEARTBEAT target_type=call_site elapsed_min=34.1 files_done=17 resolved=148 errors=653 current=tests/test_html_formatter.py
[2026-04-23T23:22:49Z] [iter=2] HEARTBEAT target_type=call_site elapsed_min=35.8 files_done=18 resolved=197 errors=689 current=pygments/formatters/irc.py
[2026-04-23T23:23:41Z] [iter=2] HEARTBEAT target_type=call_site elapsed_min=36.7 files_done=19 resolved=201 errors=707 current=pygments/lexers/int_fiction.py
[2026-04-23T23:36:22Z] [iter=2] HEARTBEAT target_type=call_site elapsed_min=49.4 files_done=20 resolved=211 errors=972 current=pygments/lexers/factor.py
[2026-04-23T23:39:24Z] [iter=2] HEARTBEAT target_type=call_site elapsed_min=52.4 files_done=21 resolved=211 errors=1035 current=pygments/lexers/smithy.py
[2026-04-23T23:41:45Z] [iter=2] HEARTBEAT target_type=call_site elapsed_min=54.7 files_done=23 resolved=241 errors=1084 current=pygments/lexers/yang.py
[2026-04-23T23:42:17Z] [iter=2] HEARTBEAT target_type=call_site elapsed_min=55.3 files_done=24 resolved=241 errors=1095 current=pygments/lexers/asm.py
[2026-04-23T23:46:18Z] [iter=2] HEARTBEAT target_type=call_site elapsed_min=59.3 files_done=25 resolved=252 errors=1179 current=pygments/lexers/berry.py
[2026-04-23T23:47:04Z] [iter=2] HEARTBEAT target_type=call_site elapsed_min=60.0 files_done=26 resolved=252 errors=1195 current=scripts/get_css_properties.py
[2026-04-23T23:49:28Z] [iter=2] HEARTBEAT target_type=call_site elapsed_min=62.4 files_done=29 resolved=271 errors=1245 current=pygments/formatters/img.py
[2026-04-23T23:53:51Z] [iter=2] HEARTBEAT target_type=call_site elapsed_min=66.8 files_done=30 resolved=304 errors=1336 current=pygments/lexers/haxe.py
[2026-04-24T00:02:02Z] [iter=2] HEARTBEAT target_type=call_site elapsed_min=75.0 files_done=31 resolved=305 errors=1507 current=pygments/lexers/css.py
[2026-04-24T00:05:32Z] [iter=2] HEARTBEAT target_type=call_site elapsed_min=78.5 files_done=32 resolved=311 errors=1580 current=scripts/check_whitespace_token.py
[2026-04-24T00:11:11Z] [iter=2] HEARTBEAT target_type=call_site elapsed_min=84.2 files_done=34 resolved=334 errors=1698 current=scripts/debug_lexer.py
[2026-04-24T00:12:58Z] [iter=2] HEARTBEAT target_type=call_site elapsed_min=86.0 files_done=35 resolved=390 errors=1735 current=pygments/lexers/varnish.py
[2026-04-24T00:14:16Z] [iter=2] HEARTBEAT target_type=call_site elapsed_min=87.3 files_done=36 resolved=390 errors=1762 current=pygments/lexers/javascript.py
[2026-04-24T00:25:18Z] [iter=2] HEARTBEAT target_type=call_site elapsed_min=98.3 files_done=37 resolved=399 errors=1992 current=pygments/lexers/arturo.py
[2026-04-24T00:27:04Z] [iter=2] HEARTBEAT target_type=call_site elapsed_min=100.1 files_done=38 resolved=399 errors=2029 current=pygments/lexers/supercollider.py
[2026-04-24T00:28:07Z] [iter=2] HEARTBEAT target_type=call_site elapsed_min=101.1 files_done=40 resolved=399 errors=2051 current=pygments/lexers/objective.py
[2026-04-24T00:31:03Z] [iter=2] HEARTBEAT target_type=call_site elapsed_min=104.0 files_done=41 resolved=403 errors=2112 current=pygments/lexers/teal.py
[2026-04-24T00:34:30Z] [iter=2] HEARTBEAT target_type=call_site elapsed_min=107.5 files_done=43 resolved=421 errors=2184 current=pygments/lexers/special.py
[2026-04-24T00:35:16Z] [iter=2] HEARTBEAT target_type=call_site elapsed_min=108.3 files_done=44 resolved=431 errors=2199 current=pygments/lexers/slash.py
[2026-04-24T00:36:16Z] [iter=2] HEARTBEAT target_type=call_site elapsed_min=109.3 files_done=45 resolved=434 errors=2220 current=pygments/lexers/actionscript.py
[2026-04-24T00:37:05Z] [iter=2] HEARTBEAT target_type=call_site elapsed_min=110.1 files_done=46 resolved=435 errors=2237 current=pygments/lexers/make.py
[2026-04-24T00:38:11Z] [iter=2] HEARTBEAT target_type=call_site elapsed_min=111.2 files_done=47 resolved=441 errors=2260 current=pygments/lexers/prql.py
[2026-04-24T00:40:33Z] [iter=2] HEARTBEAT target_type=call_site elapsed_min=113.5 files_done=48 resolved=441 errors=2309 current=pygments/lexers/comal.py
[2026-04-24T00:41:45Z] [iter=2] HEARTBEAT target_type=call_site elapsed_min=114.7 files_done=50 resolved=441 errors=2334 current=pygments/formatters/__init__.py
[2026-04-24T00:43:06Z] [iter=2] HEARTBEAT target_type=call_site elapsed_min=116.1 files_done=51 resolved=451 errors=2362 current=pygments/lexers/_postgres_builtins.py
[2026-04-24T00:44:35Z] [iter=2] HEARTBEAT target_type=call_site elapsed_min=117.6 files_done=52 resolved=481 errors=2393 current=pygments/lexers/urbi.py
[2026-04-24T00:45:12Z] [iter=2] HEARTBEAT target_type=call_site elapsed_min=118.2 files_done=53 resolved=484 errors=2406 current=pygments/lexers/testing.py
[2026-04-24T00:46:30Z] [iter=2] HEARTBEAT target_type=call_site elapsed_min=119.5 files_done=54 resolved=484 errors=2433 current=pygments/lexers/pascal.py
[2026-04-24T00:49:57Z] [iter=2] HEARTBEAT target_type=call_site elapsed_min=122.9 files_done=55 resolved=490 errors=2505 current=pygments/lexers/x10.py
[2026-04-24T00:51:12Z] [iter=2] HEARTBEAT target_type=call_site elapsed_min=124.2 files_done=59 resolved=534 errors=2531 current=pygments/lexers/data.py
[2026-04-24T00:55:05Z] [iter=2] HEARTBEAT target_type=call_site elapsed_min=128.1 files_done=60 resolved=558 errors=2612 current=pygments/lexers/lisp.py
[2026-04-24T00:58:20Z] [iter=2] HEARTBEAT target_type=call_site elapsed_min=131.3 files_done=61 resolved=561 errors=2680 current=pygments/lexers/eiffel.py
[2026-04-24T00:59:15Z] [iter=2] HEARTBEAT target_type=call_site elapsed_min=132.2 files_done=63 resolved=561 errors=2699 current=pygments/lexer.py
[2026-04-24T01:04:31Z] [iter=2] HEARTBEAT target_type=call_site elapsed_min=137.5 files_done=64 resolved=639 errors=2805 current=pygments/lexers/fortran.py
[2026-04-24T01:05:17Z] [iter=2] HEARTBEAT target_type=call_site elapsed_min=138.3 files_done=65 resolved=639 errors=2821 current=pygments/lexers/lilypond.py
[2026-04-24T01:06:23Z] [iter=2] HEARTBEAT target_type=call_site elapsed_min=139.4 files_done=66 resolved=641 errors=2844 current=pygments/console.py
[2026-04-24T01:08:41Z] [iter=2] HEARTBEAT target_type=call_site elapsed_min=141.7 files_done=68 resolved=643 errors=2892 current=pygments/lexers/tls.py
[2026-04-24T01:09:44Z] [iter=2] HEARTBEAT target_type=call_site elapsed_min=142.7 files_done=71 resolved=650 errors=2914 current=pygments/lexers/wowtoc.py
[2026-04-24T01:10:24Z] [iter=2] HEARTBEAT target_type=call_site elapsed_min=143.4 files_done=73 resolved=652 errors=2928 current=pygments/lexers/dotnet.py
[2026-04-24T01:15:13Z] [iter=2] HEARTBEAT target_type=call_site elapsed_min=148.2 files_done=74 resolved=671 errors=3028 current=pygments/lexers/lean.py
[2026-04-24T01:16:02Z] [iter=2] HEARTBEAT target_type=call_site elapsed_min=149.0 files_done=75 resolved=673 errors=3045 current=pygments/lexers/usd.py
[2026-04-24T01:17:51Z] [iter=2] HEARTBEAT target_type=call_site elapsed_min=150.8 files_done=77 resolved=673 errors=3083 current=pygments/lexers/typst.py
[2026-04-24T01:18:54Z] [iter=2] HEARTBEAT target_type=call_site elapsed_min=151.9 files_done=78 resolved=673 errors=3105 current=pygments/lexers/oberon.py
[2026-04-24T01:20:09Z] [iter=2] HEARTBEAT target_type=call_site elapsed_min=153.1 files_done=80 resolved=684 errors=3131 current=pygments/filters/__init__.py
[2026-04-24T01:22:01Z] [iter=2] HEARTBEAT target_type=call_site elapsed_min=155.0 files_done=81 resolved=701 errors=3170 current=pygments/plugin.py
[2026-04-24T01:23:30Z] [iter=2] HEARTBEAT target_type=call_site elapsed_min=156.5 files_done=83 resolved=705 errors=3201 current=pygments/lexers/rebol.py
[2026-04-24T01:25:05Z] [iter=2] HEARTBEAT target_type=call_site elapsed_min=158.1 files_done=84 resolved=735 errors=3234 current=pygments/lexers/algebra.py
[2026-04-24T01:25:51Z] [iter=2] HEARTBEAT target_type=call_site elapsed_min=158.8 files_done=85 resolved=744 errors=3250 current=pygments/lexers/perl.py
[2026-04-24T01:28:35Z] [iter=2] HEARTBEAT target_type=call_site elapsed_min=161.6 files_done=86 resolved=765 errors=3307 current=doc/conf.py
[2026-04-24T01:29:35Z] [iter=2] HEARTBEAT target_type=call_site elapsed_min=162.6 files_done=87 resolved=777 errors=3328 current=pygments/lexers/ezhil.py
[2026-04-24T01:31:01Z] [iter=2] HEARTBEAT target_type=call_site elapsed_min=164.0 files_done=89 resolved=781 errors=3358 current=scripts/detect_missing_analyse_text.py
[2026-04-24T01:32:02Z] [iter=2] HEARTBEAT target_type=call_site elapsed_min=165.0 files_done=91 resolved=788 errors=3379 current=pygments/lexers/prolog.py
[2026-04-24T01:32:48Z] [iter=2] HEARTBEAT target_type=call_site elapsed_min=165.8 files_done=93 resolved=797 errors=3395 current=pygments/lexers/_scilab_builtins.py
[2026-04-24T01:33:34Z] [iter=2] HEARTBEAT target_type=call_site elapsed_min=166.5 files_done=94 resolved=805 errors=3411 current=pygments/lexers/futhark.py
[2026-04-24T01:35:17Z] [iter=2] HEARTBEAT target_type=call_site elapsed_min=168.3 files_done=96 resolved=819 errors=3447 current=pygments/formatters/bbcode.py
[2026-04-24T01:35:49Z] [iter=2] HEARTBEAT target_type=call_site elapsed_min=168.8 files_done=97 resolved=821 errors=3458 current=pygments/lexers/q.py
[2026-04-24T01:36:24Z] [iter=2] HEARTBEAT target_type=call_site elapsed_min=169.4 files_done=98 resolved=821 errors=3470 current=pygments/lexers/_php_builtins.py
[2026-04-24T01:37:16Z] [iter=2] HEARTBEAT target_type=call_site elapsed_min=170.3 files_done=99 resolved=837 errors=3488 current=pygments/lexers/jslt.py
[2026-04-24T01:37:56Z] [iter=2] HEARTBEAT target_type=call_site elapsed_min=170.9 files_done=100 resolved=837 errors=3502 current=pygments/lexers/business.py
[2026-04-24T01:38:57Z] [iter=2] HEARTBEAT target_type=call_site elapsed_min=171.9 files_done=101 resolved=837 errors=3523 current=pygments/lexers/monte.py
[2026-04-24T01:39:28Z] [iter=2] HEARTBEAT target_type=call_site elapsed_min=172.5 files_done=102 resolved=837 errors=3534 current=pygments/lexers/email.py
[2026-04-24T01:40:35Z] [iter=2] HEARTBEAT target_type=call_site elapsed_min=173.6 files_done=104 resolved=849 errors=3557 current=tests/test_irc_formatter.py
[2026-04-24T01:41:27Z] [iter=2] HEARTBEAT target_type=call_site elapsed_min=174.4 files_done=106 resolved=863 errors=3575 current=pygments/lexers/spice.py
[2026-04-24T01:42:21Z] [iter=2] HEARTBEAT target_type=call_site elapsed_min=175.3 files_done=108 resolved=863 errors=3594 current=pygments/style.py
[2026-04-24T01:42:56Z] [iter=2] HEARTBEAT target_type=call_site elapsed_min=175.9 files_done=109 resolved=875 errors=3606 current=pygments/lexers/nix.py
[2026-04-24T01:43:33Z] [iter=2] HEARTBEAT target_type=call_site elapsed_min=176.5 files_done=111 resolved=891 errors=3619 current=scripts/check_crlf.py
[2026-04-24T01:44:19Z] [iter=2] HEARTBEAT target_type=call_site elapsed_min=177.3 files_done=114 resolved=932 errors=3635 current=scripts/gen_mapfiles.py
[2026-04-24T01:45:23Z] [iter=2] HEARTBEAT target_type=call_site elapsed_min=178.4 files_done=116 resolved=946 errors=3657 current=pygments/lexers/vip.py
[2026-04-24T01:45:57Z] [iter=2] HEARTBEAT target_type=call_site elapsed_min=178.9 files_done=117 resolved=948 errors=3669 current=pygments/lexers/blueprint.py
[2026-04-24T01:47:32Z] [iter=2] HEARTBEAT target_type=call_site elapsed_min=180.5 files_done=118 resolved=948 errors=3702 current=pygments/lexers/console.py
[2026-04-24T01:48:18Z] [iter=2] HEARTBEAT target_type=call_site elapsed_min=181.3 files_done=120 resolved=948 errors=3718 current=pygments/lexers/chapel.py
[2026-04-24T01:49:07Z] [iter=2] HEARTBEAT target_type=call_site elapsed_min=182.1 files_done=122 resolved=952 errors=3735 current=pygments/lexers/vyper.py
[2026-04-24T01:49:50Z] [iter=2] HEARTBEAT target_type=call_site elapsed_min=182.8 files_done=124 resolved=953 errors=3750 current=pygments/lexers/openscad.py
[2026-04-24T01:50:56Z] [iter=2] HEARTBEAT target_type=call_site elapsed_min=183.9 files_done=126 resolved=954 errors=3773 current=tests/contrast/test_contrasts.py
[2026-04-24T01:51:28Z] [iter=2] HEARTBEAT target_type=call_site elapsed_min=184.5 files_done=127 resolved=966 errors=3784 current=pygments/token.py
[2026-04-24T01:52:37Z] [iter=2] HEARTBEAT target_type=call_site elapsed_min=185.6 files_done=129 resolved=973 errors=3808 current=pygments/formatter.py
[2026-04-24T01:53:34Z] [iter=2] HEARTBEAT target_type=call_site elapsed_min=186.6 files_done=131 resolved=981 errors=3828 current=pygments/lexers/_sourcemod_builtins.py
[2026-04-24T01:54:37Z] [iter=2] HEARTBEAT target_type=call_site elapsed_min=187.6 files_done=132 resolved=990 errors=3850 current=pygments/lexers/j.py
[2026-04-24T01:55:09Z] [iter=2] HEARTBEAT target_type=call_site elapsed_min=188.1 files_done=133 resolved=990 errors=3861 current=pygments/lexers/smv.py
[2026-04-24T01:56:23Z] [iter=2] HEARTBEAT target_type=call_site elapsed_min=189.4 files_done=135 resolved=990 errors=3887 current=pygments/lexers/ampl.py
[2026-04-24T01:57:21Z] [iter=2] HEARTBEAT target_type=call_site elapsed_min=190.3 files_done=137 resolved=1007 errors=3907 current=pygments/lexers/ldap.py
[2026-04-24T01:59:01Z] [iter=2] HEARTBEAT target_type=call_site elapsed_min=192.0 files_done=138 resolved=1007 errors=3942 current=pygments/lexers/_vim_builtins.py
[2026-04-24T01:59:49Z] [iter=2] HEARTBEAT target_type=call_site elapsed_min=192.8 files_done=141 resolved=1007 errors=3959 current=pygments/lexers/unicon.py
[2026-04-24T02:00:47Z] [iter=2] HEARTBEAT target_type=call_site elapsed_min=193.8 files_done=142 resolved=1007 errors=3979 current=pygments/lexers/qvt.py
[2026-04-24T02:01:32Z] [iter=2] HEARTBEAT target_type=call_site elapsed_min=194.5 files_done=143 resolved=1007 errors=3995 current=pygments/lexers/ncl.py
[2026-04-24T02:02:13Z] [iter=2] HEARTBEAT target_type=call_site elapsed_min=195.2 files_done=145 resolved=1007 errors=4009 current=doc/examples/example.py
[2026-04-24T02:02:53Z] [iter=2] HEARTBEAT target_type=call_site elapsed_min=195.9 files_done=147 resolved=1009 errors=4023 current=pygments/lexers/installers.py
[2026-04-24T02:04:33Z] [iter=2] HEARTBEAT target_type=call_site elapsed_min=197.5 files_done=148 resolved=1009 errors=4058 current=pygments/lexers/dylan.py
[2026-04-24T02:05:30Z] [iter=2] HEARTBEAT target_type=call_site elapsed_min=198.5 files_done=149 resolved=1011 errors=4078 current=tests/snippets/conftest.py
[2026-04-24T02:06:19Z] [iter=2] HEARTBEAT target_type=call_site elapsed_min=199.3 files_done=152 resolved=1016 errors=4095 current=pygments/lexers/smalltalk.py
[2026-04-24T02:07:45Z] [iter=2] HEARTBEAT target_type=call_site elapsed_min=200.7 files_done=153 resolved=1016 errors=4125 current=scripts/check_repeated_token.py
[2026-04-24T02:08:16Z] [iter=2] HEARTBEAT target_type=call_site elapsed_min=201.3 files_done=155 resolved=1020 errors=4136 current=pygments/lexers/archetype.py
[2026-04-24T02:10:00Z] [iter=2] HEARTBEAT target_type=call_site elapsed_min=203.0 files_done=156 resolved=1020 errors=4172 current=scripts/update_contrasts.py
[2026-04-24T02:11:11Z] [iter=2] HEARTBEAT target_type=call_site elapsed_min=204.2 files_done=158 resolved=1031 errors=4197 current=tests/test_ruby.py
[2026-04-24T02:11:49Z] [iter=2] HEARTBEAT target_type=call_site elapsed_min=204.8 files_done=160 resolved=1035 errors=4210 current=pygments/lexers/resource.py
[2026-04-24T02:13:06Z] [iter=2] HEARTBEAT target_type=call_site elapsed_min=206.1 files_done=162 resolved=1042 errors=4237 current=pygments/lexers/capnproto.py
[2026-04-24T02:14:38Z] [iter=2] HEARTBEAT target_type=call_site elapsed_min=207.6 files_done=165 resolved=1054 errors=4269 current=tests/test_using_api.py
[2026-04-24T02:15:21Z] [iter=2] HEARTBEAT target_type=call_site elapsed_min=208.3 files_done=167 resolved=1056 errors=4284 current=pygments/lexers/promql.py
[2026-04-24T02:16:15Z] [iter=2] HEARTBEAT target_type=call_site elapsed_min=209.2 files_done=169 resolved=1056 errors=4303 current=pygments/filter.py
[2026-04-24T02:16:47Z] [iter=2] HEARTBEAT target_type=call_site elapsed_min=209.8 files_done=172 resolved=1061 errors=4314 current=tests/test_pangomarkup_formatter.py
[2026-04-24T02:17:27Z] [iter=2] HEARTBEAT target_type=call_site elapsed_min=210.4 files_done=175 resolved=1062 errors=4328 current=pygments/lexers/d.py
[2026-04-24T02:18:19Z] [iter=2] HEARTBEAT target_type=call_site elapsed_min=211.3 files_done=177 resolved=1069 errors=4346 current=pygments/lexers/boa.py
[2026-04-24T02:19:11Z] [iter=2] HEARTBEAT target_type=call_site elapsed_min=212.2 files_done=180 resolved=1075 errors=4364 current=pygments/lexers/scdoc.py
[2026-04-24T02:19:48Z] [iter=2] HEARTBEAT target_type=call_site elapsed_min=212.8 files_done=181 resolved=1076 errors=4377 current=pygments/lexers/r.py
[2026-04-24T02:20:42Z] [iter=2] HEARTBEAT target_type=call_site elapsed_min=213.7 files_done=182 resolved=1079 errors=4396 current=pygments/lexers/whiley.py
[2026-04-24T02:21:31Z] [iter=2] HEARTBEAT target_type=call_site elapsed_min=214.5 files_done=184 resolved=1079 errors=4413 current=pygments/formatters/pangomarkup.py
[2026-04-24T02:22:05Z] [iter=2] HEARTBEAT target_type=call_site elapsed_min=215.1 files_done=186 resolved=1081 errors=4425 current=pygments/scanner.py
[2026-04-24T02:22:48Z] [iter=2] HEARTBEAT target_type=call_site elapsed_min=215.8 files_done=188 resolved=1085 errors=4440 current=pygments/lexers/tcl.py
[2026-04-24T02:23:55Z] [iter=2] HEARTBEAT target_type=call_site elapsed_min=216.9 files_done=189 resolved=1085 errors=4464 current=pygments/lexers/mosel.py
[2026-04-24T02:24:46Z] [iter=2] HEARTBEAT target_type=call_site elapsed_min=217.8 files_done=191 resolved=1085 errors=4482 current=pygments/lexers/pointless.py
[2026-04-24T02:25:29Z] [iter=2] HEARTBEAT target_type=call_site elapsed_min=218.5 files_done=194 resolved=1088 errors=4497 current=pygments/lexers/amdgpu.py
[2026-04-24T02:26:05Z] [iter=2] HEARTBEAT target_type=call_site elapsed_min=219.1 files_done=197 resolved=1088 errors=4510 current=pygments/lexers/srcinfo.py
[2026-04-24T02:27:02Z] [iter=2] HEARTBEAT target_type=call_site elapsed_min=220.0 files_done=200 resolved=1089 errors=4530 current=pygments/lexers/ride.py
[2026-04-24T02:28:01Z] [iter=2] HEARTBEAT target_type=call_site elapsed_min=221.0 files_done=202 resolved=1095 errors=4551 current=pygments/lexers/_tsql_builtins.py
[2026-04-24T02:28:32Z] [iter=2] HEARTBEAT target_type=call_site elapsed_min=221.5 files_done=207 resolved=1097 errors=4562 current=pygments/lexers/savi.py
[2026-04-24T02:29:06Z] [iter=2] HEARTBEAT target_type=call_site elapsed_min=222.1 files_done=209 resolved=1097 errors=4574 current=tests/test_coffeescript.py
[2026-04-24T02:29:48Z] [iter=2] HEARTBEAT target_type=call_site elapsed_min=222.8 files_done=213 resolved=1099 errors=4589 current=pygments/lexers/sieve.py
[2026-04-24T02:30:26Z] [iter=2] HEARTBEAT target_type=call_site elapsed_min=223.4 files_done=217 resolved=1099 errors=4602 current=pygments/lexers/bdd.py
[2026-04-24T02:30:57Z] [iter=2] HEARTBEAT target_type=call_site elapsed_min=223.9 files_done=221 resolved=1099 errors=4613 current=tests/examplefiles/python/linecontinuation.py
[2026-04-24T02:31:28Z] [iter=2] HEARTBEAT target_type=call_site elapsed_min=224.4 files_done=227 resolved=1102 errors=4624 current=pygments/lexers/snobol.py
[2026-04-24T02:32:02Z] [iter=2] HEARTBEAT target_type=call_site elapsed_min=225.0 files_done=234 resolved=1103 errors=4635 current=tests/examplefiles/c/ceval.c
[2026-04-24T02:47:11Z] [iter=2] CHECKPOINT TRIGGERED elapsed_min=240.2 files_completed=301 new_files_this_iter=234 mem_mb=1558 MB
[2026-04-24T02:47:11Z] [iter=2] Writing partial enrichment graph path=/home/runner/work/forx/forx/storage/aggregate/lsp/d7d11f6e6d3aa97805215c1cc833ea5f0ef1fcbb.nq.gz triples=61990
[2026-04-24T02:47:12Z] [iter=2] Checkpoint written, exiting with code 7
[2026-04-24T02:47:12Z] [iter=2] PHASE END: enrich (checkpointed) elapsed_s=14410 elapsed_min=240.2 files_completed=301
