[2026-04-24T10:25:03Z] === ENRICH ITERATION 1 START | repo=pygments/pygments sha=ee30ce13 ===
[2026-04-24T10:25:03Z] [iter=1] PHASE START: enrich repo=pygments/pygments sha=ee30ce13 runlog=/home/runner/work/forx/forx/storage/aggregate/lsp/logs/ee30ce13-enrich-iter-001.log output=/home/runner/work/forx/forx/storage/aggregate/lsp/ee30ce132ae252bd72f3a74c86d9314a2214d0b4.nq.gz
[2026-04-24T10:25:05Z] [iter=1] Step 1: Loading AST into disk-backed store mem_mb=78 MB
[2026-04-24T10:26:14Z] [iter=1] AST store loaded triples=6986433 load_secs=66 mem_mb=1000 MB
[2026-04-24T10:26:14Z] [iter=1] Step 2: Finding LSP targets mem_mb=1000 MB
[2026-04-24T10:26:30Z] [iter=1] LSP targets found call_sites=14985 imports=1252 extends=774 implements=2 secs=17
[2026-04-24T10:26:47Z] [iter=1] Step 2.7: Building position index (one-shot, shared across resolvers) mem_mb=1000 MB
[2026-04-24T10:27:30Z] [iter=1] Position index built positions=543933 nodes_with_types=714448 secs=43 mem_mb=1492 MB
[2026-04-24T10:27:30Z] [iter=1] Step 3: Starting LSP resolution mem_mb=1492 MB already_completed_types=[] already_completed_files=0
[2026-04-24T10:27:30Z] [iter=1] Resolving target type target_type=call_site count=14985
[2026-04-24T10:27:31Z] [iter=1] HEARTBEAT target_type=call_site elapsed_min=2.5 files_done=0 resolved=0 errors=0 current=pygments/lexers/dylan.py
[2026-04-24T10:28:28Z] [iter=1] HEARTBEAT target_type=call_site elapsed_min=3.4 files_done=1 resolved=2 errors=20 current=scripts/vim2pygments.py
[2026-04-24T10:31:38Z] [iter=1] HEARTBEAT target_type=call_site elapsed_min=6.6 files_done=2 resolved=26 errors=87 current=pygments/lexers/parsers.py
[2026-04-24T10:34:32Z] [iter=1] HEARTBEAT target_type=call_site elapsed_min=9.5 files_done=3 resolved=64 errors=148 current=pygments/lexers/theorem.py
[2026-04-24T10:35:45Z] [iter=1] HEARTBEAT target_type=call_site elapsed_min=10.7 files_done=4 resolved=64 errors=174 current=pygments/lexers/php.py
[2026-04-24T10:37:58Z] [iter=1] HEARTBEAT target_type=call_site elapsed_min=12.9 files_done=5 resolved=68 errors=221 current=pygments/lexers/zig.py
[2026-04-24T10:42:36Z] [iter=1] HEARTBEAT target_type=call_site elapsed_min=17.6 files_done=7 resolved=100 errors=319 current=pygments/lexers/python.py
[2026-04-24T10:51:57Z] [iter=1] HEARTBEAT target_type=call_site elapsed_min=26.9 files_done=8 resolved=104 errors=518 current=pygments/lexers/jvm.py
[2026-04-24T11:02:27Z] [iter=1] HEARTBEAT target_type=call_site elapsed_min=37.4 files_done=9 resolved=108 errors=741 current=pygments/lexers/javascript.py
[2026-04-24T11:13:15Z] [iter=1] HEARTBEAT target_type=call_site elapsed_min=48.2 files_done=10 resolved=117 errors=971 current=pygments/lexers/pascal.py
[2026-04-24T11:16:38Z] [iter=1] HEARTBEAT target_type=call_site elapsed_min=51.6 files_done=11 resolved=123 errors=1043 current=pygments/lexers/_scilab_builtins.py
[2026-04-24T11:17:22Z] [iter=1] HEARTBEAT target_type=call_site elapsed_min=52.3 files_done=12 resolved=131 errors=1059 current=pygments/lexers/templates.py
[2026-04-24T11:29:02Z] [iter=1] HEARTBEAT target_type=call_site elapsed_min=64.0 files_done=13 resolved=259 errors=1307 current=tests/test_basic_api.py
[2026-04-24T11:32:51Z] [iter=1] HEARTBEAT target_type=call_site elapsed_min=67.8 files_done=14 resolved=312 errors=1388 current=pygments/formatters/groff.py
[2026-04-24T11:34:29Z] [iter=1] HEARTBEAT target_type=call_site elapsed_min=69.4 files_done=15 resolved=320 errors=1423 current=pygments/lexers/haxe.py
[2026-04-24T11:42:32Z] [iter=1] HEARTBEAT target_type=call_site elapsed_min=77.5 files_done=16 resolved=321 errors=1594 current=pygments/lexers/mime.py
[2026-04-24T11:45:27Z] [iter=1] HEARTBEAT target_type=call_site elapsed_min=80.4 files_done=17 resolved=328 errors=1656 current=pygments/cmdline.py
[2026-04-24T11:51:16Z] [iter=1] HEARTBEAT target_type=call_site elapsed_min=86.2 files_done=18 resolved=411 errors=1780 current=pygments/lexers/configs.py
[2026-04-24T11:59:16Z] [iter=1] HEARTBEAT target_type=call_site elapsed_min=94.2 files_done=19 resolved=418 errors=1950 current=pygments/util.py
[2026-04-24T12:01:26Z] [iter=1] HEARTBEAT target_type=call_site elapsed_min=96.4 files_done=20 resolved=445 errors=1996 current=pygments/lexers/rdf.py
[2026-04-24T12:02:02Z] [iter=1] HEARTBEAT target_type=call_site elapsed_min=97.0 files_done=21 resolved=446 errors=2009 current=pygments/lexers/c_like.py
[2026-04-24T12:04:37Z] [iter=1] HEARTBEAT target_type=call_site elapsed_min=99.6 files_done=22 resolved=447 errors=2064 current=pygments/lexers/markup.py
[2026-04-24T12:22:06Z] [iter=1] HEARTBEAT target_type=call_site elapsed_min=117.0 files_done=23 resolved=487 errors=2436 current=pygments/lexers/dsls.py
[2026-04-24T12:27:53Z] [iter=1] HEARTBEAT target_type=call_site elapsed_min=122.8 files_done=24 resolved=493 errors=2558 current=pygments/lexers/lilypond.py
[2026-04-24T12:28:58Z] [iter=1] HEARTBEAT target_type=call_site elapsed_min=123.9 files_done=25 resolved=495 errors=2581 current=pygments/lexers/special.py
[2026-04-24T12:29:44Z] [iter=1] HEARTBEAT target_type=call_site elapsed_min=124.7 files_done=26 resolved=505 errors=2596 current=tests/test_tnt.py
[2026-04-24T12:31:03Z] [iter=1] HEARTBEAT target_type=call_site elapsed_min=126.0 files_done=27 resolved=521 errors=2624 current=pygments/lexers/hdl.py
[2026-04-24T12:32:53Z] [iter=1] HEARTBEAT target_type=call_site elapsed_min=127.8 files_done=28 resolved=521 errors=2663 current=tests/test_using_api.py
[2026-04-24T12:36:27Z] [iter=1] HEARTBEAT target_type=call_site elapsed_min=131.4 files_done=30 resolved=543 errors=2739 current=tests/test_words.py
[2026-04-24T12:37:17Z] [iter=1] HEARTBEAT target_type=call_site elapsed_min=132.2 files_done=31 resolved=548 errors=2757 current=pygments/formatters/terminal.py
[2026-04-24T12:38:13Z] [iter=1] HEARTBEAT target_type=call_site elapsed_min=133.2 files_done=32 resolved=548 errors=2777 current=pygments/lexers/__init__.py
[2026-04-24T12:41:52Z] [iter=1] HEARTBEAT target_type=call_site elapsed_min=136.8 files_done=33 resolved=566 errors=2854 current=pygments/lexer.py
[2026-04-24T12:47:02Z] [iter=1] HEARTBEAT target_type=call_site elapsed_min=142.0 files_done=34 resolved=644 errors=2960 current=scripts/debug_lexer.py
[2026-04-24T12:48:46Z] [iter=1] HEARTBEAT target_type=call_site elapsed_min=143.7 files_done=35 resolved=700 errors=2997 current=tests/conftest.py
[2026-04-24T12:50:16Z] [iter=1] HEARTBEAT target_type=call_site elapsed_min=145.2 files_done=36 resolved=722 errors=3029 current=tests/test_mysql.py
[2026-04-24T12:51:41Z] [iter=1] HEARTBEAT target_type=call_site elapsed_min=146.6 files_done=37 resolved=756 errors=3059 current=pygments/lexers/webmisc.py
[2026-04-24T13:05:08Z] [iter=1] HEARTBEAT target_type=call_site elapsed_min=160.1 files_done=38 resolved=759 errors=3345 current=pygments/lexers/sql.py
[2026-04-24T13:11:18Z] [iter=1] HEARTBEAT target_type=call_site elapsed_min=166.3 files_done=39 resolved=791 errors=3477 current=pygments/lexers/haskell.py
[2026-04-24T13:14:58Z] [iter=1] HEARTBEAT target_type=call_site elapsed_min=169.9 files_done=40 resolved=801 errors=3555 current=pygments/lexers/arrow.py
[2026-04-24T13:15:40Z] [iter=1] HEARTBEAT target_type=call_site elapsed_min=170.6 files_done=41 resolved=801 errors=3570 current=pygments/lexers/rebol.py
[2026-04-24T13:17:13Z] [iter=1] HEARTBEAT target_type=call_site elapsed_min=172.2 files_done=42 resolved=831 errors=3603 current=pygments/formatters/html.py
[2026-04-24T13:22:06Z] [iter=1] HEARTBEAT target_type=call_site elapsed_min=177.1 files_done=43 resolved=867 errors=3707 current=pygments/lexers/erlang.py
[2026-04-24T13:25:49Z] [iter=1] HEARTBEAT target_type=call_site elapsed_min=180.8 files_done=44 resolved=876 errors=3786 current=pygments/lexers/webidl.py
[2026-04-24T13:28:22Z] [iter=1] HEARTBEAT target_type=call_site elapsed_min=183.3 files_done=45 resolved=876 errors=3840 current=pygments/lexers/smalltalk.py
[2026-04-24T13:29:46Z] [iter=1] HEARTBEAT target_type=call_site elapsed_min=184.7 files_done=46 resolved=876 errors=3870 current=scripts/count_token_references.py
[2026-04-24T13:31:45Z] [iter=1] HEARTBEAT target_type=call_site elapsed_min=186.7 files_done=47 resolved=906 errors=3912 current=pygments/lexers/matlab.py
[2026-04-24T13:33:52Z] [iter=1] HEARTBEAT target_type=call_site elapsed_min=188.8 files_done=48 resolved=920 errors=3957 current=scripts/detect_missing_analyse_text.py
[2026-04-24T13:34:26Z] [iter=1] HEARTBEAT target_type=call_site elapsed_min=189.4 files_done=50 resolved=930 errors=3969 current=pygments/lexers/int_fiction.py
[2026-04-24T13:46:53Z] [iter=1] HEARTBEAT target_type=call_site elapsed_min=201.8 files_done=51 resolved=939 errors=4234 current=pygments/lexers/scripting.py
[2026-04-24T13:50:15Z] [iter=1] HEARTBEAT target_type=call_site elapsed_min=205.2 files_done=52 resolved=953 errors=4306 current=pygments/lexers/graphql.py
[2026-04-24T13:51:12Z] [iter=1] HEARTBEAT target_type=call_site elapsed_min=206.2 files_done=53 resolved=953 errors=4326 current=pygments/lexers/clean.py
[2026-04-24T13:52:45Z] [iter=1] HEARTBEAT target_type=call_site elapsed_min=207.7 files_done=54 resolved=953 errors=4359 current=pygments/lexers/ecl.py
[2026-04-24T13:55:39Z] [iter=1] HEARTBEAT target_type=call_site elapsed_min=210.6 files_done=56 resolved=956 errors=4421 current=pygments/lexers/fantom.py
[2026-04-24T13:58:36Z] [iter=1] HEARTBEAT target_type=call_site elapsed_min=213.6 files_done=57 resolved=959 errors=4484 current=pygments/lexers/vip.py
[2026-04-24T13:59:09Z] [iter=1] HEARTBEAT target_type=call_site elapsed_min=214.1 files_done=58 resolved=961 errors=4496 current=pygments/lexers/ul4.py
[2026-04-24T13:59:49Z] [iter=1] HEARTBEAT target_type=call_site elapsed_min=214.8 files_done=59 resolved=971 errors=4510 current=pygments/lexers/gdscript.py
[2026-04-24T14:01:16Z] [iter=1] HEARTBEAT target_type=call_site elapsed_min=216.2 files_done=60 resolved=975 errors=4541 current=pygments/lexers/robotframework.py
[2026-04-24T14:06:30Z] [iter=1] HEARTBEAT target_type=call_site elapsed_min=221.5 files_done=61 resolved=993 errors=4653 current=tests/test_guess.py
[2026-04-24T14:08:45Z] [iter=1] HEARTBEAT target_type=call_site elapsed_min=223.7 files_done=62 resolved=997 errors=4701 current=pygments/lexers/kuin.py
[2026-04-24T14:13:56Z] [iter=1] HEARTBEAT target_type=call_site elapsed_min=228.9 files_done=63 resolved=997 errors=4812 current=pygments/lexers/minecraft.py
[2026-04-24T14:15:40Z] [iter=1] HEARTBEAT target_type=call_site elapsed_min=230.6 files_done=64 resolved=997 errors=4849 current=tests/test_html_formatter.py
[2026-04-24T14:17:22Z] [iter=1] HEARTBEAT target_type=call_site elapsed_min=232.3 files_done=65 resolved=1046 errors=4885 current=pygments/lexers/varnish.py
[2026-04-24T14:18:37Z] [iter=1] HEARTBEAT target_type=call_site elapsed_min=233.6 files_done=66 resolved=1046 errors=4912 current=pygments/lexers/data.py
[2026-04-24T14:22:25Z] [iter=1] HEARTBEAT target_type=call_site elapsed_min=237.4 files_done=67 resolved=1070 errors=4993 current=pygments/lexers/berry.py
[2026-04-24T14:23:10Z] [iter=1] HEARTBEAT target_type=call_site elapsed_min=238.1 files_done=68 resolved=1070 errors=5009 current=pygments/lexers/urbi.py
[2026-04-24T14:23:46Z] [iter=1] HEARTBEAT target_type=call_site elapsed_min=238.7 files_done=69 resolved=1073 errors=5022 current=pygments/formatters/terminal256.py
[2026-04-24T14:25:16Z] [iter=1] CHECKPOINT TRIGGERED elapsed_min=240.2 files_completed=69 new_files_this_iter=69 mem_mb=1492 MB
[2026-04-24T14:25:16Z] [iter=1] Writing partial enrichment graph path=/home/runner/work/forx/forx/storage/aggregate/lsp/ee30ce132ae252bd72f3a74c86d9314a2214d0b4.nq.gz triples=36276
[2026-04-24T14:25:17Z] [iter=1] Checkpoint written, exiting with code 7
[2026-04-24T14:25:17Z] [iter=1] PHASE END: enrich (checkpointed) elapsed_s=14414 elapsed_min=240.2 files_completed=69
