[2026-04-24T14:52:33Z] === ENRICH ITERATION 2 START | repo=pygments/pygments sha=ee30ce13 ===
[2026-04-24T14:52:33Z] [iter=2] PHASE START: enrich repo=pygments/pygments sha=ee30ce13 runlog=/home/runner/work/forx/forx/storage/aggregate/lsp/logs/ee30ce13-enrich-iter-002.log output=/home/runner/work/forx/forx/storage/aggregate/lsp/ee30ce132ae252bd72f3a74c86d9314a2214d0b4.nq.gz
[2026-04-24T14:52:36Z] [iter=2] Step 1: Loading AST into disk-backed store mem_mb=78 MB
[2026-04-24T14:53:41Z] [iter=2] AST store loaded triples=6986433 load_secs=62 mem_mb=1000 MB
[2026-04-24T14:53:41Z] [iter=2] Step 2: Finding LSP targets mem_mb=1000 MB
[2026-04-24T14:53:58Z] [iter=2] LSP targets found call_sites=14985 imports=1252 extends=774 implements=2 secs=17
[2026-04-24T14:53:59Z] [iter=2] Loaded checkpoint partial graph triples=36276
[2026-04-24T14:54:16Z] [iter=2] Step 2.7: Building position index (one-shot, shared across resolvers) mem_mb=1000 MB
[2026-04-24T14:54:59Z] [iter=2] Position index built positions=543933 nodes_with_types=714448 secs=43 mem_mb=1354 MB
[2026-04-24T14:54:59Z] [iter=2] Step 3: Starting LSP resolution mem_mb=1354 MB already_completed_types=[] already_completed_files=69
[2026-04-24T14:54:59Z] [iter=2] Resolving target type target_type=call_site count=14985
[2026-04-24T14:55:00Z] [iter=2] HEARTBEAT target_type=call_site elapsed_min=2.4 files_done=0 resolved=0 errors=0 current=pygments/formatters/terminal256.py
[2026-04-24T14:58:20Z] [iter=2] HEARTBEAT target_type=call_site elapsed_min=5.8 files_done=1 resolved=12 errors=66 current=pygments/lexers/elm.py
[2026-04-24T15:01:11Z] [iter=2] HEARTBEAT target_type=call_site elapsed_min=8.6 files_done=3 resolved=36 errors=121 current=tests/contrast/test_contrasts.py
[2026-04-24T15:01:44Z] [iter=2] HEARTBEAT target_type=call_site elapsed_min=9.2 files_done=4 resolved=48 errors=132 current=tests/test_latex_formatter.py
[2026-04-24T15:02:21Z] [iter=2] HEARTBEAT target_type=call_site elapsed_min=9.8 files_done=5 resolved=68 errors=144 current=pygments/lexers/_sourcemod_builtins.py
[2026-04-24T15:03:28Z] [iter=2] HEARTBEAT target_type=call_site elapsed_min=10.9 files_done=6 resolved=77 errors=166 current=pygments/lexers/modula2.py
[2026-04-24T15:05:35Z] [iter=2] HEARTBEAT target_type=call_site elapsed_min=13.0 files_done=7 resolved=112 errors=208 current=pygments/lexers/html.py
[2026-04-24T15:10:13Z] [iter=2] HEARTBEAT target_type=call_site elapsed_min=17.7 files_done=8 resolved=113 errors=300 current=pygments/lexers/objective.py
[2026-04-24T15:13:11Z] [iter=2] HEARTBEAT target_type=call_site elapsed_min=20.6 files_done=9 resolved=117 errors=359 current=tests/test_coffeescript.py
[2026-04-24T15:14:10Z] [iter=2] HEARTBEAT target_type=call_site elapsed_min=21.6 files_done=11 resolved=135 errors=378 current=doc/conf.py
[2026-04-24T15:15:14Z] [iter=2] HEARTBEAT target_type=call_site elapsed_min=22.7 files_done=12 resolved=147 errors=399 current=pygments/lexers/lisp.py
[2026-04-24T15:18:25Z] [iter=2] HEARTBEAT target_type=call_site elapsed_min=25.9 files_done=13 resolved=150 errors=462 current=pygments/formatters/svg.py
[2026-04-24T15:20:32Z] [iter=2] HEARTBEAT target_type=call_site elapsed_min=28.0 files_done=14 resolved=151 errors=504 current=pygments/lexers/installers.py
[2026-04-24T15:22:18Z] [iter=2] HEARTBEAT target_type=call_site elapsed_min=29.7 files_done=15 resolved=151 errors=539 current=tests/test_regexlexer.py
[2026-04-24T15:26:55Z] [iter=2] HEARTBEAT target_type=call_site elapsed_min=34.4 files_done=17 resolved=175 errors=630 current=pygments/unistring.py
[2026-04-24T15:27:52Z] [iter=2] HEARTBEAT target_type=call_site elapsed_min=35.3 files_done=18 resolved=190 errors=649 current=pygments/lexers/dotnet.py
[2026-04-24T15:32:55Z] [iter=2] HEARTBEAT target_type=call_site elapsed_min=40.4 files_done=19 resolved=201 errors=749 current=pygments/lexers/textedit.py
[2026-04-24T15:33:59Z] [iter=2] HEARTBEAT target_type=call_site elapsed_min=41.4 files_done=20 resolved=207 errors=770 current=pygments/lexers/verifpal.py
[2026-04-24T15:34:38Z] [iter=2] HEARTBEAT target_type=call_site elapsed_min=42.1 files_done=21 resolved=207 errors=783 current=pygments/lexers/nimrod.py
[2026-04-24T15:35:27Z] [iter=2] HEARTBEAT target_type=call_site elapsed_min=42.9 files_done=22 resolved=208 errors=799 current=pygments/regexopt.py
[2026-04-24T15:36:03Z] [iter=2] HEARTBEAT target_type=call_site elapsed_min=43.5 files_done=23 resolved=225 errors=811 current=pygments/formatters/other.py
[2026-04-24T15:37:32Z] [iter=2] HEARTBEAT target_type=call_site elapsed_min=45.0 files_done=24 resolved=231 errors=840 current=pygments/lexers/praat.py
[2026-04-24T15:39:51Z] [iter=2] HEARTBEAT target_type=call_site elapsed_min=47.3 files_done=25 resolved=231 errors=886 current=scripts/check_whitespace_token.py
[2026-04-24T15:40:46Z] [iter=2] HEARTBEAT target_type=call_site elapsed_min=48.2 files_done=27 resolved=248 errors=904 current=pygments/lexers/ruby.py
[2026-04-24T15:46:00Z] [iter=2] HEARTBEAT target_type=call_site elapsed_min=53.5 files_done=28 resolved=253 errors=1008 current=pygments/lexers/basic.py
[2026-04-24T15:49:23Z] [iter=2] HEARTBEAT target_type=call_site elapsed_min=56.8 files_done=29 resolved=259 errors=1075 current=pygments/lexers/actionscript.py
[2026-04-24T15:50:14Z] [iter=2] HEARTBEAT target_type=call_site elapsed_min=57.7 files_done=30 resolved=260 errors=1092 current=pygments/formatters/irc.py
[2026-04-24T15:51:09Z] [iter=2] HEARTBEAT target_type=call_site elapsed_min=58.6 files_done=31 resolved=264 errors=1110 current=pygments/lexers/perl.py
[2026-04-24T15:54:02Z] [iter=2] HEARTBEAT target_type=call_site elapsed_min=61.5 files_done=32 resolved=285 errors=1167 current=pygments/lexers/testing.py
[2026-04-24T15:55:24Z] [iter=2] HEARTBEAT target_type=call_site elapsed_min=62.8 files_done=33 resolved=285 errors=1194 current=scripts/get_css_properties.py
[2026-04-24T15:57:10Z] [iter=2] HEARTBEAT target_type=call_site elapsed_min=64.6 files_done=36 resolved=320 errors=1229 current=pygments/lexers/csound.py
[2026-04-24T16:00:57Z] [iter=2] HEARTBEAT target_type=call_site elapsed_min=68.4 files_done=37 resolved=322 errors=1304 current=pygments/lexers/sophia.py
[2026-04-24T16:02:19Z] [iter=2] HEARTBEAT target_type=call_site elapsed_min=69.8 files_done=39 resolved=324 errors=1331 current=pygments/lexers/asm.py
[2026-04-24T16:06:33Z] [iter=2] HEARTBEAT target_type=call_site elapsed_min=74.0 files_done=40 resolved=335 errors=1415 current=pygments/lexers/graphics.py
[2026-04-24T16:09:59Z] [iter=2] HEARTBEAT target_type=call_site elapsed_min=77.4 files_done=41 resolved=338 errors=1483 current=pygments/token.py
[2026-04-24T16:10:57Z] [iter=2] HEARTBEAT target_type=call_site elapsed_min=78.4 files_done=44 resolved=347 errors=1502 current=pygments/lexers/c_cpp.py
[2026-04-24T16:14:07Z] [iter=2] HEARTBEAT target_type=call_site elapsed_min=81.6 files_done=45 resolved=351 errors=1565 current=pygments/lexers/modeling.py
[2026-04-24T16:15:05Z] [iter=2] HEARTBEAT target_type=call_site elapsed_min=82.5 files_done=46 resolved=357 errors=1584 current=pygments/lexers/_lua_builtins.py
[2026-04-24T16:16:45Z] [iter=2] HEARTBEAT target_type=call_site elapsed_min=84.2 files_done=47 resolved=374 errors=1617 current=pygments/lexers/bibtex.py
[2026-04-24T16:18:06Z] [iter=2] HEARTBEAT target_type=call_site elapsed_min=85.6 files_done=48 resolved=374 errors=1644 current=pygments/lexers/graph.py
[2026-04-24T16:19:31Z] [iter=2] HEARTBEAT target_type=call_site elapsed_min=87.0 files_done=49 resolved=374 errors=1672 current=pygments/lexers/shell.py
[2026-04-24T16:27:22Z] [iter=2] HEARTBEAT target_type=call_site elapsed_min=94.8 files_done=50 resolved=388 errors=1827 current=pygments/lexers/css.py
[2026-04-24T16:31:05Z] [iter=2] HEARTBEAT target_type=call_site elapsed_min=98.5 files_done=51 resolved=394 errors=1900 current=pygments/lexers/elpi.py
[2026-04-24T16:32:15Z] [iter=2] HEARTBEAT target_type=call_site elapsed_min=99.7 files_done=52 resolved=405 errors=1923 current=tests/test_terminal_formatter.py
[2026-04-24T16:33:22Z] [iter=2] HEARTBEAT target_type=call_site elapsed_min=100.8 files_done=53 resolved=415 errors=1945 current=tests/test_regexopt.py
[2026-04-24T16:34:59Z] [iter=2] HEARTBEAT target_type=call_site elapsed_min=102.4 files_done=54 resolved=436 errors=1977 current=pygments/lexers/arturo.py
[2026-04-24T16:36:52Z] [iter=2] HEARTBEAT target_type=call_site elapsed_min=104.3 files_done=55 resolved=436 errors=2014 current=pygments/lexers/unicon.py
[2026-04-24T16:37:52Z] [iter=2] HEARTBEAT target_type=call_site elapsed_min=105.3 files_done=56 resolved=436 errors=2034 current=pygments/lexers/wowtoc.py
[2026-04-24T16:41:58Z] [iter=2] HEARTBEAT target_type=call_site elapsed_min=109.4 files_done=58 resolved=439 errors=2115 current=scripts/gen_mapfiles.py
[2026-04-24T16:42:29Z] [iter=2] HEARTBEAT target_type=call_site elapsed_min=109.9 files_done=60 resolved=466 errors=2125 current=pygments/lexers/devicetree.py
[2026-04-24T16:43:20Z] [iter=2] HEARTBEAT target_type=call_site elapsed_min=110.8 files_done=61 resolved=466 errors=2142 current=pygments/lexers/_mysql_builtins.py
[2026-04-24T16:44:42Z] [iter=2] HEARTBEAT target_type=call_site elapsed_min=112.1 files_done=62 resolved=495 errors=2169 current=tests/test_graphql.py
[2026-04-24T16:47:26Z] [iter=2] HEARTBEAT target_type=call_site elapsed_min=114.9 files_done=63 resolved=499 errors=2223 current=pygments/lexers/esoteric.py
[2026-04-24T16:48:08Z] [iter=2] HEARTBEAT target_type=call_site elapsed_min=115.6 files_done=64 resolved=501 errors=2237 current=tests/test_rtf_formatter.py
[2026-04-24T16:49:48Z] [iter=2] HEARTBEAT target_type=call_site elapsed_min=117.2 files_done=65 resolved=509 errors=2270 current=pygments/styles/rainbow_dash.py
[2026-04-24T16:51:00Z] [iter=2] HEARTBEAT target_type=call_site elapsed_min=118.5 files_done=67 resolved=509 errors=2294 current=pygments/lexers/kusto.py
[2026-04-24T16:51:46Z] [iter=2] HEARTBEAT target_type=call_site elapsed_min=119.2 files_done=69 resolved=510 errors=2309 current=tests/test_cmdline.py
[2026-04-24T16:55:36Z] [iter=2] HEARTBEAT target_type=call_site elapsed_min=123.0 files_done=70 resolved=535 errors=2385 current=pygments/lexers/j.py
[2026-04-24T16:56:09Z] [iter=2] HEARTBEAT target_type=call_site elapsed_min=123.6 files_done=71 resolved=535 errors=2396 current=pygments/lexers/jsx.py
[2026-04-24T16:56:39Z] [iter=2] HEARTBEAT target_type=call_site elapsed_min=124.1 files_done=72 resolved=535 errors=2406 current=tests/test_token.py
[2026-04-24T16:57:16Z] [iter=2] HEARTBEAT target_type=call_site elapsed_min=124.7 files_done=73 resolved=540 errors=2418 current=pygments/lexers/rust.py
[2026-04-24T16:58:01Z] [iter=2] HEARTBEAT target_type=call_site elapsed_min=125.5 files_done=74 resolved=540 errors=2433 current=pygments/lexers/thingsdb.py
[2026-04-24T16:58:34Z] [iter=2] HEARTBEAT target_type=call_site elapsed_min=126.0 files_done=76 resolved=541 errors=2444 current=pygments/lexers/teraterm.py
[2026-04-24T16:59:17Z] [iter=2] HEARTBEAT target_type=call_site elapsed_min=126.7 files_done=77 resolved=542 errors=2458 current=pygments/lexers/ampl.py
[2026-04-24T17:00:56Z] [iter=2] HEARTBEAT target_type=call_site elapsed_min=128.4 files_done=79 resolved=542 errors=2491 current=pygments/lexers/ada.py
[2026-04-24T17:02:13Z] [iter=2] HEARTBEAT target_type=call_site elapsed_min=129.7 files_done=80 resolved=542 errors=2516 current=pygments/lexers/prolog.py
[2026-04-24T17:03:14Z] [iter=2] HEARTBEAT target_type=call_site elapsed_min=130.7 files_done=82 resolved=545 errors=2536 current=scripts/check_sources.py
[2026-04-24T17:04:39Z] [iter=2] HEARTBEAT target_type=call_site elapsed_min=132.1 files_done=83 resolved=575 errors=2564 current=pygments/lexers/automation.py
[2026-04-24T17:05:48Z] [iter=2] HEARTBEAT target_type=call_site elapsed_min=133.3 files_done=84 resolved=575 errors=2587 current=pygments/lexers/macaulay2.py
[2026-04-24T17:07:10Z] [iter=2] HEARTBEAT target_type=call_site elapsed_min=134.6 files_done=86 resolved=581 errors=2614 current=pygments/filters/__init__.py
[2026-04-24T17:09:08Z] [iter=2] HEARTBEAT target_type=call_site elapsed_min=136.6 files_done=87 resolved=596 errors=2653 current=pygments/lexers/futhark.py
[2026-04-24T17:10:02Z] [iter=2] HEARTBEAT target_type=call_site elapsed_min=137.5 files_done=90 resolved=623 errors=2671 current=tests/test_func.py
[2026-04-24T17:10:39Z] [iter=2] HEARTBEAT target_type=call_site elapsed_min=138.1 files_done=92 resolved=628 errors=2683 current=pygments/lexers/archetype.py
[2026-04-24T17:12:28Z] [iter=2] HEARTBEAT target_type=call_site elapsed_min=139.9 files_done=93 resolved=628 errors=2719 current=tests/examplefiles/python/linecontinuation.py
[2026-04-24T17:14:56Z] [iter=2] HEARTBEAT target_type=call_site elapsed_min=142.4 files_done=95 resolved=628 errors=2768 current=pygments/lexers/maxima.py
[2026-04-24T17:16:57Z] [iter=2] HEARTBEAT target_type=call_site elapsed_min=144.4 files_done=97 resolved=629 errors=2808 current=pygments/lexers/resource.py
[2026-04-24T17:17:49Z] [iter=2] HEARTBEAT target_type=call_site elapsed_min=145.3 files_done=99 resolved=629 errors=2825 current=tests/test_templates.py
[2026-04-24T17:18:29Z] [iter=2] HEARTBEAT target_type=call_site elapsed_min=145.9 files_done=100 resolved=630 errors=2838 current=pygments/lexers/factor.py
[2026-04-24T17:21:40Z] [iter=2] HEARTBEAT target_type=call_site elapsed_min=149.1 files_done=101 resolved=630 errors=2901 current=pygments/lexers/r.py
[2026-04-24T17:22:38Z] [iter=2] HEARTBEAT target_type=call_site elapsed_min=150.1 files_done=102 resolved=633 errors=2920 current=scripts/update_contrasts.py
[2026-04-24T17:23:11Z] [iter=2] HEARTBEAT target_type=call_site elapsed_min=150.6 files_done=104 resolved=642 errors=2931 current=tests/support/structural_diff.py
[2026-04-24T17:24:20Z] [iter=2] HEARTBEAT target_type=call_site elapsed_min=151.8 files_done=106 resolved=654 errors=2954 current=pygments/formatters/__init__.py
[2026-04-24T17:25:45Z] [iter=2] HEARTBEAT target_type=call_site elapsed_min=153.2 files_done=107 resolved=664 errors=2982 current=tests/test_perllexer.py
[2026-04-24T17:28:19Z] [iter=2] HEARTBEAT target_type=call_site elapsed_min=155.8 files_done=108 resolved=671 errors=3033 current=pygments/lexers/pawn.py
[2026-04-24T17:29:16Z] [iter=2] HEARTBEAT target_type=call_site elapsed_min=156.7 files_done=110 resolved=672 errors=3052 current=pygments/lexers/felix.py
[2026-04-24T17:31:02Z] [iter=2] HEARTBEAT target_type=call_site elapsed_min=158.5 files_done=111 resolved=672 errors=3087 current=tests/test_html_formatter_linenos_elements.py
[2026-04-24T17:31:40Z] [iter=2] HEARTBEAT target_type=call_site elapsed_min=159.1 files_done=112 resolved=680 errors=3100 current=pygments/lexers/openscad.py
[2026-04-24T17:32:43Z] [iter=2] HEARTBEAT target_type=call_site elapsed_min=160.2 files_done=114 resolved=680 errors=3121 current=pygments/lexers/stata.py
[2026-04-24T17:33:18Z] [iter=2] HEARTBEAT target_type=call_site elapsed_min=160.8 files_done=115 resolved=680 errors=3133 current=pygments/lexers/fortran.py
[2026-04-24T17:34:06Z] [iter=2] HEARTBEAT target_type=call_site elapsed_min=161.5 files_done=116 resolved=680 errors=3149 current=pygments/lexers/bare.py
[2026-04-24T17:34:44Z] [iter=2] HEARTBEAT target_type=call_site elapsed_min=162.2 files_done=117 resolved=680 errors=3162 current=pygments/lexers/q.py
[2026-04-24T17:35:20Z] [iter=2] HEARTBEAT target_type=call_site elapsed_min=162.8 files_done=118 resolved=680 errors=3174 current=tests/test_sql.py
[2026-04-24T17:36:28Z] [iter=2] HEARTBEAT target_type=call_site elapsed_min=163.9 files_done=119 resolved=687 errors=3197 current=pygments/lexers/textfmts.py
[2026-04-24T17:39:44Z] [iter=2] HEARTBEAT target_type=call_site elapsed_min=167.2 files_done=120 resolved=691 errors=3263 current=pygments/lexers/blueprint.py
[2026-04-24T17:41:22Z] [iter=2] HEARTBEAT target_type=call_site elapsed_min=168.8 files_done=121 resolved=691 errors=3296 current=pygments/lexers/dns.py
[2026-04-24T17:41:58Z] [iter=2] HEARTBEAT target_type=call_site elapsed_min=169.4 files_done=122 resolved=691 errors=3308 current=pygments/lexers/business.py
[2026-04-24T17:43:00Z] [iter=2] HEARTBEAT target_type=call_site elapsed_min=170.4 files_done=123 resolved=691 errors=3329 current=pygments/lexers/cddl.py
[2026-04-24T17:43:36Z] [iter=2] HEARTBEAT target_type=call_site elapsed_min=171.0 files_done=125 resolved=696 errors=3341 current=pygments/lexers/dalvik.py
[2026-04-24T17:44:32Z] [iter=2] HEARTBEAT target_type=call_site elapsed_min=172.0 files_done=126 resolved=699 errors=3360 current=pygments/lexers/grammar_notation.py
[2026-04-24T17:45:11Z] [iter=2] HEARTBEAT target_type=call_site elapsed_min=172.6 files_done=127 resolved=699 errors=3373 current=tests/test_pangomarkup_formatter.py
[2026-04-24T17:48:56Z] [iter=2] HEARTBEAT target_type=call_site elapsed_min=176.4 files_done=129 resolved=707 errors=3449 current=pygments/lexers/inferno.py
[2026-04-24T17:49:49Z] [iter=2] HEARTBEAT target_type=call_site elapsed_min=177.3 files_done=131 resolved=718 errors=3467 current=pygments/formatters/bbcode.py
[2026-04-24T17:50:22Z] [iter=2] HEARTBEAT target_type=call_site elapsed_min=177.8 files_done=132 resolved=720 errors=3478 current=pygments/lexers/spice.py
[2026-04-24T17:51:04Z] [iter=2] HEARTBEAT target_type=call_site elapsed_min=178.5 files_done=134 resolved=727 errors=3492 current=tests/test_util.py
[2026-04-24T17:53:18Z] [iter=2] HEARTBEAT target_type=call_site elapsed_min=180.7 files_done=135 resolved=735 errors=3537 current=pygments/lexers/ooc.py
[2026-04-24T17:54:06Z] [iter=2] HEARTBEAT target_type=call_site elapsed_min=181.5 files_done=137 resolved=735 errors=3553 current=pygments/lexers/d.py
[2026-04-24T17:54:44Z] [iter=2] HEARTBEAT target_type=call_site elapsed_min=182.2 files_done=139 resolved=735 errors=3566 current=scripts/check_repeated_token.py
[2026-04-24T17:55:50Z] [iter=2] HEARTBEAT target_type=call_site elapsed_min=183.3 files_done=141 resolved=739 errors=3588 current=pygments/lexers/roboconf.py
[2026-04-24T17:56:23Z] [iter=2] HEARTBEAT target_type=call_site elapsed_min=183.8 files_done=143 resolved=739 errors=3599 current=scripts/check_crlf.py
[2026-04-24T17:57:34Z] [iter=2] HEARTBEAT target_type=call_site elapsed_min=185.0 files_done=145 resolved=749 errors=3623 current=pygments/lexers/ride.py
[2026-04-24T17:58:10Z] [iter=2] HEARTBEAT target_type=call_site elapsed_min=185.6 files_done=147 resolved=753 errors=3635 current=pygments/lexers/algebra.py
[2026-04-24T17:58:57Z] [iter=2] HEARTBEAT target_type=call_site elapsed_min=186.4 files_done=148 resolved=762 errors=3651 current=pygments/formatter.py
[2026-04-24T18:00:48Z] [iter=2] HEARTBEAT target_type=call_site elapsed_min=188.2 files_done=150 resolved=770 errors=3688 current=pygments/lexers/qvt.py
[2026-04-24T18:01:35Z] [iter=2] HEARTBEAT target_type=call_site elapsed_min=189.0 files_done=151 resolved=770 errors=3704 current=pygments/lexers/console.py
[2026-04-24T18:02:35Z] [iter=2] HEARTBEAT target_type=call_site elapsed_min=190.0 files_done=154 resolved=779 errors=3724 current=pygments/lexers/oberon.py
[2026-04-24T18:03:19Z] [iter=2] HEARTBEAT target_type=call_site elapsed_min=190.8 files_done=156 resolved=779 errors=3739 current=pygments/lexers/ptx.py
[2026-04-24T18:04:04Z] [iter=2] HEARTBEAT target_type=call_site elapsed_min=191.5 files_done=158 resolved=781 errors=3754 current=pygments/lexers/solidity.py
[2026-04-24T18:04:37Z] [iter=2] HEARTBEAT target_type=call_site elapsed_min=192.1 files_done=159 resolved=781 errors=3765 current=pygments/lexers/phix.py
[2026-04-24T18:05:40Z] [iter=2] HEARTBEAT target_type=call_site elapsed_min=193.1 files_done=162 resolved=782 errors=3786 current=pygments/lexers/email.py
[2026-04-24T18:06:24Z] [iter=2] HEARTBEAT target_type=call_site elapsed_min=193.9 files_done=164 resolved=786 errors=3801 current=pygments/lexers/qlik.py
[2026-04-24T18:07:06Z] [iter=2] HEARTBEAT target_type=call_site elapsed_min=194.6 files_done=165 resolved=786 errors=3815 current=pygments/lexers/ncl.py
[2026-04-24T18:07:42Z] [iter=2] HEARTBEAT target_type=call_site elapsed_min=195.1 files_done=167 resolved=786 errors=3827 current=pygments/lexers/igor.py
[2026-04-24T18:08:21Z] [iter=2] HEARTBEAT target_type=call_site elapsed_min=195.8 files_done=169 resolved=788 errors=3840 current=pygments/lexers/_csound_builtins.py
[2026-04-24T18:09:02Z] [iter=2] HEARTBEAT target_type=call_site elapsed_min=196.5 files_done=172 resolved=794 errors=3854 current=pygments/modeline.py
[2026-04-24T18:09:41Z] [iter=2] HEARTBEAT target_type=call_site elapsed_min=197.1 files_done=174 resolved=797 errors=3867 current=pygments/lexers/promql.py
[2026-04-24T18:10:49Z] [iter=2] HEARTBEAT target_type=call_site elapsed_min=198.3 files_done=176 resolved=797 errors=3890 current=pygments/lexers/whiley.py
[2026-04-24T18:11:28Z] [iter=2] HEARTBEAT target_type=call_site elapsed_min=198.9 files_done=178 resolved=798 errors=3903 current=pygments/lexers/lean.py
[2026-04-24T18:12:06Z] [iter=2] HEARTBEAT target_type=call_site elapsed_min=199.6 files_done=180 resolved=803 errors=3916 current=pygments/lexers/tls.py
[2026-04-24T18:12:51Z] [iter=2] HEARTBEAT target_type=call_site elapsed_min=200.3 files_done=183 resolved=803 errors=3931 current=doc/examples/example.py
[2026-04-24T18:13:24Z] [iter=2] HEARTBEAT target_type=call_site elapsed_min=200.8 files_done=185 resolved=810 errors=3942 current=pygments/lexers/nix.py
[2026-04-24T18:14:11Z] [iter=2] HEARTBEAT target_type=call_site elapsed_min=201.6 files_done=187 resolved=818 errors=3958 current=pygments/lexers/idl.py
[2026-04-24T18:15:02Z] [iter=2] HEARTBEAT target_type=call_site elapsed_min=202.5 files_done=189 resolved=818 errors=3975 current=pygments/lexers/x10.py
[2026-04-24T18:16:01Z] [iter=2] HEARTBEAT target_type=call_site elapsed_min=203.5 files_done=195 resolved=819 errors=3995 current=pygments/lexers/eiffel.py
[2026-04-24T18:16:37Z] [iter=2] HEARTBEAT target_type=call_site elapsed_min=204.1 files_done=197 resolved=819 errors=4007 current=pygments/plugin.py
[2026-04-24T18:17:07Z] [iter=2] HEARTBEAT target_type=call_site elapsed_min=204.6 files_done=198 resolved=822 errors=4017 current=pygments/lexers/apdlexer.py
[2026-04-24T18:17:43Z] [iter=2] HEARTBEAT target_type=call_site elapsed_min=205.2 files_done=201 resolved=822 errors=4029 current=pygments/lexers/meson.py
[2026-04-24T18:18:22Z] [iter=2] HEARTBEAT target_type=call_site elapsed_min=205.8 files_done=204 resolved=822 errors=4042 current=pygments/lexers/pointless.py
[2026-04-24T18:18:54Z] [iter=2] HEARTBEAT target_type=call_site elapsed_min=206.4 files_done=207 resolved=822 errors=4053 current=pygments/lexers/teal.py
[2026-04-24T18:19:27Z] [iter=2] HEARTBEAT target_type=call_site elapsed_min=206.9 files_done=211 resolved=822 errors=4064 current=pygments/lexers/carbon.py
[2026-04-24T18:20:06Z] [iter=2] HEARTBEAT target_type=call_site elapsed_min=207.5 files_done=218 resolved=825 errors=4077 current=pygments/lexers/wren.py
[2026-04-24T18:20:38Z] [iter=2] HEARTBEAT target_type=call_site elapsed_min=208.1 files_done=223 resolved=827 errors=4088 current=pygments/lexers/cplint.py
[2026-04-24T18:51:17Z] [iter=2] HEARTBEAT target_type=call_site elapsed_min=238.7 files_done=229 resolved=847 errors=4706 current=tests/examplefiles/cpp/example.cpp
[2026-04-24T18:52:36Z] [iter=2] CHECKPOINT TRIGGERED elapsed_min=240.0 files_completed=298 new_files_this_iter=229 mem_mb=1363 MB
[2026-04-24T18:52:36Z] [iter=2] Writing partial enrichment graph path=/home/runner/work/forx/forx/storage/aggregate/lsp/ee30ce132ae252bd72f3a74c86d9314a2214d0b4.nq.gz triples=60419
[2026-04-24T18:52:37Z] [iter=2] Checkpoint written, exiting with code 7
[2026-04-24T18:52:37Z] [iter=2] PHASE END: enrich (checkpointed) elapsed_s=14403 elapsed_min=240.0 files_completed=298
